<?xml version="1.0" encoding="UTF-8"?>
<testsuite xmlns:xsi="http://www.w3.org/2001/XMLSchema-instance" xsi:noNamespaceSchemaLocation="https://maven.apache.org/surefire/maven-surefire-plugin/xsd/surefire-test-report.xsd" name="com.groovanoscode.customer.CustomerJDBCDataAccessServiceTest" time="1.695" tests="14" errors="0" skipped="0" failures="0">
  <properties>
[...]
</properties>
  <testcase name="selectAllCustomers" classname="com.groovanoscode.customer.CustomerJDBCDataAccessServiceTest" time="0.124"/>
  <testcase name="willUpdateAllPropertiesCustomer" classname="com.groovanoscode.customer.CustomerJDBCDataAccessServiceTest" time="0.024"/>
  <testcase name="deleteCustomerById" classname="com.groovanoscode.customer.CustomerJDBCDataAccessServiceTest" time="0.021"/>
  <testcase name="existsPersonWithIdWillReturnFalseWhenIdNotPresent" classname="com.groovanoscode.customer.CustomerJDBCDataAccessServiceTest" time="0.033"/>
  <testcase name="updateCustomerName" classname="com.groovanoscode.customer.CustomerJDBCDataAccessServiceTest" time="0.023"/>
  <testcase name="existsPersonWithEmail" classname="com.groovanoscode.customer.CustomerJDBCDataAccessServiceTest" time="0.02"/>
  <testcase name="willNotUpdateWhenNothingToUpdate" classname="com.groovanoscode.customer.CustomerJDBCDataAccessServiceTest" time="0.02"/>
  <testcase name="updateCustomerAge" classname="com.groovanoscode.customer.CustomerJDBCDataAccessServiceTest" time="0.022"/>
  <testcase name="existsPersonWidthEmailReturnsFalseWhenDoesNotExists" classname="com.groovanoscode.customer.CustomerJDBCDataAccessServiceTest" time="0.018"/>
  <testcase name="selectCustomerById" classname="com.groovanoscode.customer.CustomerJDBCDataAccessServiceTest" time="0.021"/>
  <testcase name="willReturnEmptyWhenSelectCustomerById" classname="com.groovanoscode.customer.CustomerJDBCDataAccessServiceTest" time="0.019"/>
  <testcase name="insertCustomer" classname="com.groovanoscode.customer.CustomerJDBCDataAccessServiceTest" time="0.02"/>
  <testcase name="existsCustomerWithId" classname="com.groovanoscode.customer.CustomerJDBCDataAccessServiceTest" time="0.027"/>
  <testcase name="updateCustomerEmail" classname="com.groovanoscode.customer.CustomerJDBCDataAccessServiceTest" time="0.029"/>
</testsuite>